<?xml version="1.0" encoding="UTF-8"?>
<testsuite name="Library.LibraryTests" tests="35" skipped="0" failures="0" errors="0" timestamp="2019-07-12T12:23:28" hostname="DESKTOP-KN5P27F" time="0.031">
  <properties/>
  <testcase name="getPasswordTest" classname="Library.LibraryTests" time="0.0"/>
  <testcase name="riddleWithID0ShouldNotExistTest" classname="Library.LibraryTests" time="0.0"/>
  <testcase name="empty7LeaderboardTest" classname="Library.LibraryTests" time="0.0"/>
  <testcase name="addPointsToUserTest" classname="Library.LibraryTests" time="0.0"/>
  <testcase name="userNotOnLeaderBoardTest" classname="Library.LibraryTests" time="0.003"/>
  <testcase name="getUsernameTest" classname="Library.LibraryTests" time="0.0"/>
  <testcase name="compareUserSmallerTest" classname="Library.LibraryTests" time="0.0"/>
  <testcase name="userOnLeaderboardTest" classname="Library.LibraryTests" time="0.002"/>
  <testcase name="riddleCorrectAnswerTest" classname="Library.LibraryTests" time="0.0"/>
  <testcase name="addUserTest" classname="Library.LibraryTests" time="0.001"/>
  <testcase name="loginUserTest" classname="Library.LibraryTests" time="0.0"/>
  <testcase name="readSavedUsersTest" classname="Library.LibraryTests" time="0.001"/>
  <testcase name="updateRiddleIDTest" classname="Library.LibraryTests" time="0.001"/>
  <testcase name="addWithExistingNameTest" classname="Library.LibraryTests" time="0.0"/>
  <testcase name="leaderboard7EntryTest" classname="Library.LibraryTests" time="0.001"/>
  <testcase name="loadRiddleTest" classname="Library.LibraryTests" time="0.001"/>
  <testcase name="isGetUserEqualToUserTest" classname="Library.LibraryTests" time="0.0"/>
  <testcase name="listSortUserBasedOnPointsTest" classname="Library.LibraryTests" time="0.001"/>
  <testcase name="riddleTextTest" classname="Library.LibraryTests" time="0.0"/>
  <testcase name="compareUserGreaterTest" classname="Library.LibraryTests" time="0.0"/>
  <testcase name="QueueIsEmptyTest" classname="Library.LibraryTests" time="0.0"/>
  <testcase name="caseSensitiveAnswerTest" classname="Library.LibraryTests" time="0.0"/>
  <testcase name="riddleIDTest" classname="Library.LibraryTests" time="0.0"/>
  <testcase name="leaderboard3EntryVariableTest" classname="Library.LibraryTests" time="0.0"/>
  <testcase name="riddleSolvedTest" classname="Library.LibraryTests" time="0.012"/>
  <testcase name="fullLeaderboardNoPlaceholderTest" classname="Library.LibraryTests" time="0.001"/>
  <testcase name="compareUserEqualTest" classname="Library.LibraryTests" time="0.0"/>
  <testcase name="riddleWrongAnswerTest" classname="Library.LibraryTests" time="0.0"/>
  <testcase name="leaderboard7EntryIgnore0PointsTest" classname="Library.LibraryTests" time="0.001"/>
  <testcase name="setgetSolvedByTest" classname="Library.LibraryTests" time="0.0"/>
  <testcase name="setgetSolvedOnTest" classname="Library.LibraryTests" time="0.0"/>
  <testcase name="initalPointsTest" classname="Library.LibraryTests" time="0.001"/>
  <testcase name="writeToJsonTest" classname="Library.LibraryTests" time="0.001"/>
  <testcase name="getUserTest" classname="Library.LibraryTests" time="0.0"/>
  <testcase name="getEmailTest" classname="Library.LibraryTests" time="0.0"/>
  <system-out><![CDATA[2
2
]]></system-out>
  <system-err><![CDATA[[Test worker] INFO org.eclipse.jetty.util.log - Logging initialized @394ms to org.eclipse.jetty.util.log.Slf4jLog
[Test worker] INFO io.javalin.Javalin - 
           __                      __ _
          / /____ _ _   __ ____ _ / /(_)____
     __  / // __ `/| | / // __ `// // // __ \
    / /_/ // /_/ / | |/ // /_/ // // // / / /
    \____/ \__,_/  |___/ \__,_//_//_//_/ /_/

        https://javalin.io/documentation

[Test worker] INFO io.javalin.Javalin - Starting Javalin ...
[Test worker] INFO io.javalin.Javalin - Static file handler added with path=/public and location=CLASSPATH. Absolute path: 'file:///C:/Users/kevin/Desktop/The%20Library/build/resources/main/public/'.
[Test worker] INFO io.javalin.Javalin - Listening on http://localhost:7777/
[Test worker] INFO io.javalin.Javalin - Javalin started in 146ms \o/
]]></system-err>
</testsuite>
